  VBeltDriveDesigner.cpp
E:\机械设计课程设计\V带传动\计算程序\VBeltDriveDesigner Mark2\VBeltDriveDesigner Mark2\VBeltDriveDesigner.cpp(133,90): warning C4305: “初始化”: 从“double”到“float”截断
E:\机械设计课程设计\V带传动\计算程序\VBeltDriveDesigner Mark2\VBeltDriveDesigner Mark2\VBeltDriveDesigner.cpp(135,126): warning C4305: “初始化”: 从“double”到“float”截断
E:\机械设计课程设计\V带传动\计算程序\VBeltDriveDesigner Mark2\VBeltDriveDesigner Mark2\VBeltDriveDesigner.cpp(137,144): warning C4305: “初始化”: 从“double”到“float”截断
E:\机械设计课程设计\V带传动\计算程序\VBeltDriveDesigner Mark2\VBeltDriveDesigner Mark2\VBeltDriveDesigner.cpp(139,126): warning C4305: “初始化”: 从“double”到“float”截断
E:\机械设计课程设计\V带传动\计算程序\VBeltDriveDesigner Mark2\VBeltDriveDesigner Mark2\VBeltDriveDesigner.cpp(141,114): warning C4305: “初始化”: 从“double”到“float”截断
E:\机械设计课程设计\V带传动\计算程序\VBeltDriveDesigner Mark2\VBeltDriveDesigner Mark2\VBeltDriveDesigner.cpp(143,90): warning C4305: “初始化”: 从“double”到“float”截断
E:\机械设计课程设计\V带传动\计算程序\VBeltDriveDesigner Mark2\VBeltDriveDesigner Mark2\VBeltDriveDesigner.cpp(176,83): warning C4305: “初始化”: 从“double”到“float”截断
E:\机械设计课程设计\V带传动\计算程序\VBeltDriveDesigner Mark2\VBeltDriveDesigner Mark2\VBeltDriveDesigner.cpp(177,83): warning C4305: “初始化”: 从“double”到“float”截断
E:\机械设计课程设计\V带传动\计算程序\VBeltDriveDesigner Mark2\VBeltDriveDesigner Mark2\VBeltDriveDesigner.cpp(178,83): warning C4305: “初始化”: 从“double”到“float”截断
E:\机械设计课程设计\V带传动\计算程序\VBeltDriveDesigner Mark2\VBeltDriveDesigner Mark2\VBeltDriveDesigner.cpp(179,83): warning C4305: “初始化”: 从“double”到“float”截断
E:\机械设计课程设计\V带传动\计算程序\VBeltDriveDesigner Mark2\VBeltDriveDesigner Mark2\VBeltDriveDesigner.cpp(180,83): warning C4305: “初始化”: 从“double”到“float”截断
E:\机械设计课程设计\V带传动\计算程序\VBeltDriveDesigner Mark2\VBeltDriveDesigner Mark2\VBeltDriveDesigner.cpp(181,83): warning C4305: “初始化”: 从“double”到“float”截断
E:\机械设计课程设计\V带传动\计算程序\VBeltDriveDesigner Mark2\VBeltDriveDesigner Mark2\VBeltDriveDesigner.cpp(183,83): warning C4305: “初始化”: 从“double”到“float”截断
E:\机械设计课程设计\V带传动\计算程序\VBeltDriveDesigner Mark2\VBeltDriveDesigner Mark2\VBeltDriveDesigner.cpp(184,83): warning C4305: “初始化”: 从“double”到“float”截断
E:\机械设计课程设计\V带传动\计算程序\VBeltDriveDesigner Mark2\VBeltDriveDesigner Mark2\VBeltDriveDesigner.cpp(185,84): warning C4305: “初始化”: 从“double”到“float”截断
E:\机械设计课程设计\V带传动\计算程序\VBeltDriveDesigner Mark2\VBeltDriveDesigner Mark2\VBeltDriveDesigner.cpp(186,84): warning C4305: “初始化”: 从“double”到“float”截断
E:\机械设计课程设计\V带传动\计算程序\VBeltDriveDesigner Mark2\VBeltDriveDesigner Mark2\VBeltDriveDesigner.cpp(187,84): warning C4305: “初始化”: 从“double”到“float”截断
E:\机械设计课程设计\V带传动\计算程序\VBeltDriveDesigner Mark2\VBeltDriveDesigner Mark2\VBeltDriveDesigner.cpp(188,84): warning C4305: “初始化”: 从“double”到“float”截断
E:\机械设计课程设计\V带传动\计算程序\VBeltDriveDesigner Mark2\VBeltDriveDesigner Mark2\VBeltDriveDesigner.cpp(189,84): warning C4305: “初始化”: 从“double”到“float”截断
E:\机械设计课程设计\V带传动\计算程序\VBeltDriveDesigner Mark2\VBeltDriveDesigner Mark2\VBeltDriveDesigner.cpp(190,84): warning C4305: “初始化”: 从“double”到“float”截断
E:\机械设计课程设计\V带传动\计算程序\VBeltDriveDesigner Mark2\VBeltDriveDesigner Mark2\VBeltDriveDesigner.cpp(192,84): warning C4305: “初始化”: 从“double”到“float”截断
E:\机械设计课程设计\V带传动\计算程序\VBeltDriveDesigner Mark2\VBeltDriveDesigner Mark2\VBeltDriveDesigner.cpp(193,84): warning C4305: “初始化”: 从“double”到“float”截断
E:\机械设计课程设计\V带传动\计算程序\VBeltDriveDesigner Mark2\VBeltDriveDesigner Mark2\VBeltDriveDesigner.cpp(194,84): warning C4305: “初始化”: 从“double”到“float”截断
E:\机械设计课程设计\V带传动\计算程序\VBeltDriveDesigner Mark2\VBeltDriveDesigner Mark2\VBeltDriveDesigner.cpp(195,84): warning C4305: “初始化”: 从“double”到“float”截断
E:\机械设计课程设计\V带传动\计算程序\VBeltDriveDesigner Mark2\VBeltDriveDesigner Mark2\VBeltDriveDesigner.cpp(196,84): warning C4305: “初始化”: 从“double”到“float”截断
E:\机械设计课程设计\V带传动\计算程序\VBeltDriveDesigner Mark2\VBeltDriveDesigner Mark2\VBeltDriveDesigner.cpp(197,84): warning C4305: “初始化”: 从“double”到“float”截断
E:\机械设计课程设计\V带传动\计算程序\VBeltDriveDesigner Mark2\VBeltDriveDesigner Mark2\VBeltDriveDesigner.cpp(198,84): warning C4305: “初始化”: 从“double”到“float”截断
E:\机械设计课程设计\V带传动\计算程序\VBeltDriveDesigner Mark2\VBeltDriveDesigner Mark2\VBeltDriveDesigner.cpp(199,84): warning C4305: “初始化”: 从“double”到“float”截断
E:\机械设计课程设计\V带传动\计算程序\VBeltDriveDesigner Mark2\VBeltDriveDesigner Mark2\VBeltDriveDesigner.cpp(201,84): warning C4305: “初始化”: 从“double”到“float”截断
E:\机械设计课程设计\V带传动\计算程序\VBeltDriveDesigner Mark2\VBeltDriveDesigner Mark2\VBeltDriveDesigner.cpp(202,84): warning C4305: “初始化”: 从“double”到“float”截断
E:\机械设计课程设计\V带传动\计算程序\VBeltDriveDesigner Mark2\VBeltDriveDesigner Mark2\VBeltDriveDesigner.cpp(203,84): warning C4305: “初始化”: 从“double”到“float”截断
E:\机械设计课程设计\V带传动\计算程序\VBeltDriveDesigner Mark2\VBeltDriveDesigner Mark2\VBeltDriveDesigner.cpp(204,87): warning C4305: “初始化”: 从“double”到“float”截断
E:\机械设计课程设计\V带传动\计算程序\VBeltDriveDesigner Mark2\VBeltDriveDesigner Mark2\VBeltDriveDesigner.cpp(205,89): warning C4305: “初始化”: 从“double”到“float”截断
E:\机械设计课程设计\V带传动\计算程序\VBeltDriveDesigner Mark2\VBeltDriveDesigner Mark2\VBeltDriveDesigner.cpp(206,83): warning C4305: “初始化”: 从“double”到“float”截断
E:\机械设计课程设计\V带传动\计算程序\VBeltDriveDesigner Mark2\VBeltDriveDesigner Mark2\VBeltDriveDesigner.cpp(207,84): warning C4305: “初始化”: 从“double”到“float”截断
E:\机械设计课程设计\V带传动\计算程序\VBeltDriveDesigner Mark2\VBeltDriveDesigner Mark2\VBeltDriveDesigner.cpp(208,77): warning C4305: “初始化”: 从“double”到“float”截断
E:\机械设计课程设计\V带传动\计算程序\VBeltDriveDesigner Mark2\VBeltDriveDesigner Mark2\VBeltDriveDesigner.cpp(210,71): warning C4305: “初始化”: 从“double”到“float”截断
E:\机械设计课程设计\V带传动\计算程序\VBeltDriveDesigner Mark2\VBeltDriveDesigner Mark2\VBeltDriveDesigner.cpp(211,72): warning C4305: “初始化”: 从“double”到“float”截断
E:\机械设计课程设计\V带传动\计算程序\VBeltDriveDesigner Mark2\VBeltDriveDesigner Mark2\VBeltDriveDesigner.cpp(212,72): warning C4305: “初始化”: 从“double”到“float”截断
E:\机械设计课程设计\V带传动\计算程序\VBeltDriveDesigner Mark2\VBeltDriveDesigner Mark2\VBeltDriveDesigner.cpp(213,72): warning C4305: “初始化”: 从“double”到“float”截断
E:\机械设计课程设计\V带传动\计算程序\VBeltDriveDesigner Mark2\VBeltDriveDesigner Mark2\VBeltDriveDesigner.cpp(214,72): warning C4305: “初始化”: 从“double”到“float”截断
E:\机械设计课程设计\V带传动\计算程序\VBeltDriveDesigner Mark2\VBeltDriveDesigner Mark2\VBeltDriveDesigner.cpp(215,71): warning C4305: “初始化”: 从“double”到“float”截断
E:\机械设计课程设计\V带传动\计算程序\VBeltDriveDesigner Mark2\VBeltDriveDesigner Mark2\VBeltDriveDesigner.cpp(216,64): warning C4305: “初始化”: 从“double”到“float”截断
E:\机械设计课程设计\V带传动\计算程序\VBeltDriveDesigner Mark2\VBeltDriveDesigner Mark2\VBeltDriveDesigner.cpp(217,57): warning C4305: “初始化”: 从“double”到“float”截断
E:\机械设计课程设计\V带传动\计算程序\VBeltDriveDesigner Mark2\VBeltDriveDesigner Mark2\VBeltDriveDesigner.cpp(363,85): warning C4305: “初始化”: 从“double”到“float”截断
E:\机械设计课程设计\V带传动\计算程序\VBeltDriveDesigner Mark2\VBeltDriveDesigner Mark2\VBeltDriveDesigner.cpp(364,85): warning C4305: “初始化”: 从“double”到“float”截断
E:\机械设计课程设计\V带传动\计算程序\VBeltDriveDesigner Mark2\VBeltDriveDesigner Mark2\VBeltDriveDesigner.cpp(365,85): warning C4305: “初始化”: 从“double”到“float”截断
E:\机械设计课程设计\V带传动\计算程序\VBeltDriveDesigner Mark2\VBeltDriveDesigner Mark2\VBeltDriveDesigner.cpp(366,85): warning C4305: “初始化”: 从“double”到“float”截断
E:\机械设计课程设计\V带传动\计算程序\VBeltDriveDesigner Mark2\VBeltDriveDesigner Mark2\VBeltDriveDesigner.cpp(367,85): warning C4305: “初始化”: 从“double”到“float”截断
E:\机械设计课程设计\V带传动\计算程序\VBeltDriveDesigner Mark2\VBeltDriveDesigner Mark2\VBeltDriveDesigner.cpp(368,85): warning C4305: “初始化”: 从“double”到“float”截断
E:\机械设计课程设计\V带传动\计算程序\VBeltDriveDesigner Mark2\VBeltDriveDesigner Mark2\VBeltDriveDesigner.cpp(369,85): warning C4305: “初始化”: 从“double”到“float”截断
E:\机械设计课程设计\V带传动\计算程序\VBeltDriveDesigner Mark2\VBeltDriveDesigner Mark2\VBeltDriveDesigner.cpp(370,85): warning C4305: “初始化”: 从“double”到“float”截断
E:\机械设计课程设计\V带传动\计算程序\VBeltDriveDesigner Mark2\VBeltDriveDesigner Mark2\VBeltDriveDesigner.cpp(371,85): warning C4305: “初始化”: 从“double”到“float”截断
E:\机械设计课程设计\V带传动\计算程序\VBeltDriveDesigner Mark2\VBeltDriveDesigner Mark2\VBeltDriveDesigner.cpp(374,85): warning C4305: “初始化”: 从“double”到“float”截断
E:\机械设计课程设计\V带传动\计算程序\VBeltDriveDesigner Mark2\VBeltDriveDesigner Mark2\VBeltDriveDesigner.cpp(375,85): warning C4305: “初始化”: 从“double”到“float”截断
E:\机械设计课程设计\V带传动\计算程序\VBeltDriveDesigner Mark2\VBeltDriveDesigner Mark2\VBeltDriveDesigner.cpp(376,85): warning C4305: “初始化”: 从“double”到“float”截断
E:\机械设计课程设计\V带传动\计算程序\VBeltDriveDesigner Mark2\VBeltDriveDesigner Mark2\VBeltDriveDesigner.cpp(377,85): warning C4305: “初始化”: 从“double”到“float”截断
E:\机械设计课程设计\V带传动\计算程序\VBeltDriveDesigner Mark2\VBeltDriveDesigner Mark2\VBeltDriveDesigner.cpp(378,85): warning C4305: “初始化”: 从“double”到“float”截断
E:\机械设计课程设计\V带传动\计算程序\VBeltDriveDesigner Mark2\VBeltDriveDesigner Mark2\VBeltDriveDesigner.cpp(379,85): warning C4305: “初始化”: 从“double”到“float”截断
E:\机械设计课程设计\V带传动\计算程序\VBeltDriveDesigner Mark2\VBeltDriveDesigner Mark2\VBeltDriveDesigner.cpp(380,85): warning C4305: “初始化”: 从“double”到“float”截断
E:\机械设计课程设计\V带传动\计算程序\VBeltDriveDesigner Mark2\VBeltDriveDesigner Mark2\VBeltDriveDesigner.cpp(381,85): warning C4305: “初始化”: 从“double”到“float”截断
E:\机械设计课程设计\V带传动\计算程序\VBeltDriveDesigner Mark2\VBeltDriveDesigner Mark2\VBeltDriveDesigner.cpp(382,85): warning C4305: “初始化”: 从“double”到“float”截断
E:\机械设计课程设计\V带传动\计算程序\VBeltDriveDesigner Mark2\VBeltDriveDesigner Mark2\VBeltDriveDesigner.cpp(385,85): warning C4305: “初始化”: 从“double”到“float”截断
E:\机械设计课程设计\V带传动\计算程序\VBeltDriveDesigner Mark2\VBeltDriveDesigner Mark2\VBeltDriveDesigner.cpp(386,85): warning C4305: “初始化”: 从“double”到“float”截断
E:\机械设计课程设计\V带传动\计算程序\VBeltDriveDesigner Mark2\VBeltDriveDesigner Mark2\VBeltDriveDesigner.cpp(387,85): warning C4305: “初始化”: 从“double”到“float”截断
E:\机械设计课程设计\V带传动\计算程序\VBeltDriveDesigner Mark2\VBeltDriveDesigner Mark2\VBeltDriveDesigner.cpp(388,85): warning C4305: “初始化”: 从“double”到“float”截断
E:\机械设计课程设计\V带传动\计算程序\VBeltDriveDesigner Mark2\VBeltDriveDesigner Mark2\VBeltDriveDesigner.cpp(389,85): warning C4305: “初始化”: 从“double”到“float”截断
E:\机械设计课程设计\V带传动\计算程序\VBeltDriveDesigner Mark2\VBeltDriveDesigner Mark2\VBeltDriveDesigner.cpp(390,85): warning C4305: “初始化”: 从“double”到“float”截断
E:\机械设计课程设计\V带传动\计算程序\VBeltDriveDesigner Mark2\VBeltDriveDesigner Mark2\VBeltDriveDesigner.cpp(391,85): warning C4305: “初始化”: 从“double”到“float”截断
E:\机械设计课程设计\V带传动\计算程序\VBeltDriveDesigner Mark2\VBeltDriveDesigner Mark2\VBeltDriveDesigner.cpp(392,85): warning C4305: “初始化”: 从“double”到“float”截断
E:\机械设计课程设计\V带传动\计算程序\VBeltDriveDesigner Mark2\VBeltDriveDesigner Mark2\VBeltDriveDesigner.cpp(393,85): warning C4305: “初始化”: 从“double”到“float”截断
E:\机械设计课程设计\V带传动\计算程序\VBeltDriveDesigner Mark2\VBeltDriveDesigner Mark2\VBeltDriveDesigner.cpp(396,85): warning C4305: “初始化”: 从“double”到“float”截断
E:\机械设计课程设计\V带传动\计算程序\VBeltDriveDesigner Mark2\VBeltDriveDesigner Mark2\VBeltDriveDesigner.cpp(397,85): warning C4305: “初始化”: 从“double”到“float”截断
E:\机械设计课程设计\V带传动\计算程序\VBeltDriveDesigner Mark2\VBeltDriveDesigner Mark2\VBeltDriveDesigner.cpp(398,85): warning C4305: “初始化”: 从“double”到“float”截断
E:\机械设计课程设计\V带传动\计算程序\VBeltDriveDesigner Mark2\VBeltDriveDesigner Mark2\VBeltDriveDesigner.cpp(399,85): warning C4305: “初始化”: 从“double”到“float”截断
E:\机械设计课程设计\V带传动\计算程序\VBeltDriveDesigner Mark2\VBeltDriveDesigner Mark2\VBeltDriveDesigner.cpp(400,85): warning C4305: “初始化”: 从“double”到“float”截断
E:\机械设计课程设计\V带传动\计算程序\VBeltDriveDesigner Mark2\VBeltDriveDesigner Mark2\VBeltDriveDesigner.cpp(401,85): warning C4305: “初始化”: 从“double”到“float”截断
E:\机械设计课程设计\V带传动\计算程序\VBeltDriveDesigner Mark2\VBeltDriveDesigner Mark2\VBeltDriveDesigner.cpp(402,85): warning C4305: “初始化”: 从“double”到“float”截断
E:\机械设计课程设计\V带传动\计算程序\VBeltDriveDesigner Mark2\VBeltDriveDesigner Mark2\VBeltDriveDesigner.cpp(403,85): warning C4305: “初始化”: 从“double”到“float”截断
E:\机械设计课程设计\V带传动\计算程序\VBeltDriveDesigner Mark2\VBeltDriveDesigner Mark2\VBeltDriveDesigner.cpp(404,85): warning C4305: “初始化”: 从“double”到“float”截断
E:\机械设计课程设计\V带传动\计算程序\VBeltDriveDesigner Mark2\VBeltDriveDesigner Mark2\VBeltDriveDesigner.cpp(407,66): warning C4305: “初始化”: 从“double”到“float”截断
E:\机械设计课程设计\V带传动\计算程序\VBeltDriveDesigner Mark2\VBeltDriveDesigner Mark2\VBeltDriveDesigner.cpp(408,66): warning C4305: “初始化”: 从“double”到“float”截断
E:\机械设计课程设计\V带传动\计算程序\VBeltDriveDesigner Mark2\VBeltDriveDesigner Mark2\VBeltDriveDesigner.cpp(409,66): warning C4305: “初始化”: 从“double”到“float”截断
E:\机械设计课程设计\V带传动\计算程序\VBeltDriveDesigner Mark2\VBeltDriveDesigner Mark2\VBeltDriveDesigner.cpp(410,66): warning C4305: “初始化”: 从“double”到“float”截断
E:\机械设计课程设计\V带传动\计算程序\VBeltDriveDesigner Mark2\VBeltDriveDesigner Mark2\VBeltDriveDesigner.cpp(411,66): warning C4305: “初始化”: 从“double”到“float”截断
E:\机械设计课程设计\V带传动\计算程序\VBeltDriveDesigner Mark2\VBeltDriveDesigner Mark2\VBeltDriveDesigner.cpp(412,66): warning C4305: “初始化”: 从“double”到“float”截断
E:\机械设计课程设计\V带传动\计算程序\VBeltDriveDesigner Mark2\VBeltDriveDesigner Mark2\VBeltDriveDesigner.cpp(413,66): warning C4305: “初始化”: 从“double”到“float”截断
E:\机械设计课程设计\V带传动\计算程序\VBeltDriveDesigner Mark2\VBeltDriveDesigner Mark2\VBeltDriveDesigner.cpp(414,66): warning C4305: “初始化”: 从“double”到“float”截断
E:\机械设计课程设计\V带传动\计算程序\VBeltDriveDesigner Mark2\VBeltDriveDesigner Mark2\VBeltDriveDesigner.cpp(415,66): warning C4305: “初始化”: 从“double”到“float”截断
E:\机械设计课程设计\V带传动\计算程序\VBeltDriveDesigner Mark2\VBeltDriveDesigner Mark2\VBeltDriveDesigner.cpp(513,110): warning C4305: “初始化”: 从“double”到“float”截断
E:\机械设计课程设计\V带传动\计算程序\VBeltDriveDesigner Mark2\VBeltDriveDesigner Mark2\VBeltDriveDesigner.cpp(523,53): warning C4305: “初始化”: 从“double”到“float”截断
E:\机械设计课程设计\V带传动\计算程序\VBeltDriveDesigner Mark2\VBeltDriveDesigner Mark2\VBeltDriveDesigner.cpp(524,59): warning C4305: “初始化”: 从“double”到“float”截断
E:\机械设计课程设计\V带传动\计算程序\VBeltDriveDesigner Mark2\VBeltDriveDesigner Mark2\VBeltDriveDesigner.cpp(525,58): warning C4305: “初始化”: 从“double”到“float”截断
E:\机械设计课程设计\V带传动\计算程序\VBeltDriveDesigner Mark2\VBeltDriveDesigner Mark2\VBeltDriveDesigner.cpp(526,56): warning C4305: “初始化”: 从“double”到“float”截断
E:\机械设计课程设计\V带传动\计算程序\VBeltDriveDesigner Mark2\VBeltDriveDesigner Mark2\VBeltDriveDesigner.cpp(527,58): warning C4305: “初始化”: 从“double”到“float”截断
E:\机械设计课程设计\V带传动\计算程序\VBeltDriveDesigner Mark2\VBeltDriveDesigner Mark2\VBeltDriveDesigner.cpp(634,1): warning C4267: “初始化”: 从“size_t”转换到“int”，可能丢失数据
E:\机械设计课程设计\V带传动\计算程序\VBeltDriveDesigner Mark2\VBeltDriveDesigner Mark2\VBeltDriveDesigner.cpp(716,56): warning C4244: “参数”: 从“double”转换到“_Ty”，可能丢失数据
          with
          [
              _Ty=int
          ]
E:\机械设计课程设计\V带传动\计算程序\VBeltDriveDesigner Mark2\VBeltDriveDesigner Mark2\VBeltDriveDesigner.cpp(781,61): warning C4244: “参数”: 从“double”转换到“_Ty”，可能丢失数据
          with
          [
              _Ty=int
          ]
E:\机械设计课程设计\V带传动\计算程序\VBeltDriveDesigner Mark2\VBeltDriveDesigner Mark2\VBeltDriveDesigner.cpp(1022,23): warning C4305: “=”: 从“double”到“float”截断
E:\机械设计课程设计\V带传动\计算程序\VBeltDriveDesigner Mark2\VBeltDriveDesigner Mark2\VBeltDriveDesigner.cpp(165): warning C4715: “VBeltDriveDesigner::KL_Indexer”: 不是所有的控件路径都返回值
  VBeltDriveDesigner Mark2.vcxproj -> E:\机械设计课程设计\V带传动\计算程序\VBeltDriveDesigner Mark2\x64\Debug\VBeltDriveDesigner Mark2.exe
